<?xml version="1.0" encoding="UTF-8"?>
<!-- Generated by org.testng.reporters.JUnitReportReporter -->
<testsuite hostname="LAPTOP-D92ED6LF" failures="0" tests="5" name="Parallel.TestNGRunner" time="106.494" errors="0" timestamp="10 May 2022 07:27:53 GMT" skipped="0">
  <testcase classname="Parallel.TestNGRunner" name="runScenario" time="17.225"/>
  <testcase classname="Parallel.TestNGRunner" name="runScenario" time="23.983"/>
  <testcase classname="Parallel.TestNGRunner" name="runScenario" time="24.328"/>
  <testcase classname="Parallel.TestNGRunner" name="runScenario" time="23.983"/>
  <testcase classname="Parallel.TestNGRunner" name="runScenario" time="16.975"/>
</testsuite> <!-- Parallel.TestNGRunner -->
