<?xml version="1.0" encoding="UTF-8"?>
<!-- Generated by org.testng.reporters.JUnitReportReporter -->
<testsuite hostname="LAPTOP-D92ED6LF" failures="0" tests="4" name="Parallel.TestNGRunner" time="57.175" errors="0" timestamp="12 May 2022 11:15:06 GMT" skipped="0">
  <testcase classname="Parallel.TestNGRunner" name="runScenario" time="12.569"/>
  <testcase classname="Parallel.TestNGRunner" name="runScenario" time="16.039"/>
  <testcase classname="Parallel.TestNGRunner" name="runScenario" time="16.180"/>
  <testcase classname="Parallel.TestNGRunner" name="runScenario" time="12.387"/>
</testsuite> <!-- Parallel.TestNGRunner -->
