<?xml version="1.0" encoding="UTF-8"?>
<!-- Generated by org.testng.reporters.JUnitReportReporter -->
<testsuite hostname="LAPTOP-D92ED6LF" failures="0" tests="4" name="Parallel.TestNGRunner" time="52.617" errors="0" timestamp="13 May 2022 06:29:27 GMT" skipped="0">
  <testcase classname="Parallel.TestNGRunner" name="runScenario" time="11.772"/>
  <testcase classname="Parallel.TestNGRunner" name="runScenario" time="14.765"/>
  <testcase classname="Parallel.TestNGRunner" name="runScenario" time="14.716"/>
  <testcase classname="Parallel.TestNGRunner" name="runScenario" time="11.364"/>
</testsuite> <!-- Parallel.TestNGRunner -->
