<?xml version="1.0" encoding="UTF-8"?>
<!-- Generated by org.testng.reporters.JUnitReportReporter -->
<testsuite hostname="LAPTOP-D92ED6LF" failures="0" tests="5" name="Parallel.TestNGRunner" time="122.633" errors="0" timestamp="10 May 2022 08:57:14 GMT" skipped="0">
  <testcase classname="Parallel.TestNGRunner" name="runScenario" time="21.224"/>
  <testcase classname="Parallel.TestNGRunner" name="runScenario" time="26.693"/>
  <testcase classname="Parallel.TestNGRunner" name="runScenario" time="26.708"/>
  <testcase classname="Parallel.TestNGRunner" name="runScenario" time="26.520"/>
  <testcase classname="Parallel.TestNGRunner" name="runScenario" time="21.488"/>
</testsuite> <!-- Parallel.TestNGRunner -->
