<?xml version="1.0" encoding="UTF-8"?>
<!-- Generated by org.testng.reporters.JUnitReportReporter -->
<testsuite hostname="LAPTOP-D92ED6LF" failures="0" tests="4" name="Parallel.TestNGRunner" time="70.704" errors="0" timestamp="13 May 2022 10:09:44 GMT" skipped="0">
  <testcase classname="Parallel.TestNGRunner" name="runScenario" time="18.730"/>
  <testcase classname="Parallel.TestNGRunner" name="runScenario" time="15.977"/>
  <testcase classname="Parallel.TestNGRunner" name="runScenario" time="19.385"/>
  <testcase classname="Parallel.TestNGRunner" name="runScenario" time="16.612"/>
</testsuite> <!-- Parallel.TestNGRunner -->
